Build started 2012.07.13. 17:04:20.
     1>Project "D:\blokk\blokk\tesseract-3.01\vs2010\tesseract.vcxproj" on node 4 (Build target(s)).
     1>InitializeBuildStatus:
         Touching "Debug\tesseract\tesseract.unsuccessfulbuild".
       ClCompile:
         C:\Program Files (x86)\Microsoft Visual Studio 10.0\VC\bin\CL.exe /c /IC:\OpenCV2.4\include /I..\api /I..\ccmain /I..\ccutil /I..\ccstruct /I..\classify /I..\cutil /I..\dict /I..\display /I..\image /I..\textord /I..\viewer /I..\wordrec /I..\pageseg /I. /Iinclude /Iinclude\leptonica /Iport /ZI /nologo /W3 /WX- /Od /Oy- /D _DEBUG /D WIN32 /D _WINDOWS /D __MSW32__ /D _CRT_SECURE_NO_WARNINGS /D _VC80_UPGRADE=0x0600 /D _MBCS /Gm /EHsc /RTC1 /MDd /GS /fp:precise /Zc:wchar_t /Zc:forScope /Fo"Debug\tesseract\\" /Fd"Debug\tesseract\vc100.pdb" /Gd /TP /analyze- /errorReport:prompt ..\api\baseapi.cpp ..\api\pageiterator.cpp ..\api\resultiterator.cpp main.cpp
         main.cpp
     1>d:\blokk\blokk\tesseract-3.01\vs2010\include\leptonica\pix.h(169): warning C4305: 'initializing' : truncation from 'double' to 'const l_float32'
     1>d:\blokk\blokk\tesseract-3.01\vs2010\include\leptonica\pix.h(171): warning C4305: 'initializing' : truncation from 'double' to 'const l_float32'
     1>d:\blokk\blokk\tesseract-3.01\ccutil\platform.h(33): warning C4005: 'snprintf' : macro redefinition
                 d:\blokk\blokk\tesseract-3.01\vs2010\include\leptonica\environ.h(277) : see previous definition of 'snprintf'
     1>d:\blokk\blokk\tesseract-3.01\vs2010\main.cpp(178): warning C4018: '<' : signed/unsigned mismatch
     1>d:\blokk\blokk\tesseract-3.01\vs2010\main.cpp(262): warning C4018: '<' : signed/unsigned mismatch
         resultiterator.cpp
     1>d:\blokk\blokk\tesseract-3.01\vs2010\include\leptonica\pix.h(169): warning C4305: 'initializing' : truncation from 'double' to 'const l_float32'
     1>d:\blokk\blokk\tesseract-3.01\vs2010\include\leptonica\pix.h(171): warning C4305: 'initializing' : truncation from 'double' to 'const l_float32'
     1>d:\blokk\blokk\tesseract-3.01\ccutil\platform.h(33): warning C4005: 'snprintf' : macro redefinition
                 d:\blokk\blokk\tesseract-3.01\vs2010\include\leptonica\environ.h(277) : see previous definition of 'snprintf'
     1>d:\blokk\blokk\tesseract-3.01\wordrec\language_model.h(428): warning C4800: 'const CHAR_FRAGMENT *' : forcing value to bool 'true' or 'false' (performance warning)
     1>d:\blokk\blokk\tesseract-3.01\wordrec\language_model.h(457): warning C4244: 'return' : conversion from 'double' to 'float', possible loss of data
     1>d:\blokk\blokk\tesseract-3.01\wordrec\language_model.h(469): warning C4244: 'argument' : conversion from 'double' to 'float', possible loss of data
     1>d:\blokk\blokk\tesseract-3.01\wordrec\language_model.h(472): warning C4244: 'argument' : conversion from 'double' to 'float', possible loss of data
     1>d:\blokk\blokk\tesseract-3.01\wordrec\language_model.h(474): warning C4244: 'argument' : conversion from 'double' to 'float', possible loss of data
     1>d:\blokk\blokk\tesseract-3.01\wordrec\language_model.h(476): warning C4244: 'argument' : conversion from 'double' to 'float', possible loss of data
     1>d:\blokk\blokk\tesseract-3.01\wordrec\language_model.h(478): warning C4244: 'argument' : conversion from 'double' to 'float', possible loss of data
         pageiterator.cpp
     1>d:\blokk\blokk\tesseract-3.01\vs2010\include\leptonica\pix.h(169): warning C4305: 'initializing' : truncation from 'double' to 'const l_float32'
     1>d:\blokk\blokk\tesseract-3.01\vs2010\include\leptonica\pix.h(171): warning C4305: 'initializing' : truncation from 'double' to 'const l_float32'
     1>d:\blokk\blokk\tesseract-3.01\ccutil\platform.h(33): warning C4005: 'snprintf' : macro redefinition
                 d:\blokk\blokk\tesseract-3.01\vs2010\include\leptonica\environ.h(277) : see previous definition of 'snprintf'
     1>d:\blokk\blokk\tesseract-3.01\wordrec\language_model.h(428): warning C4800: 'const CHAR_FRAGMENT *' : forcing value to bool 'true' or 'false' (performance warning)
     1>d:\blokk\blokk\tesseract-3.01\wordrec\language_model.h(457): warning C4244: 'return' : conversion from 'double' to 'float', possible loss of data
     1>d:\blokk\blokk\tesseract-3.01\wordrec\language_model.h(469): warning C4244: 'argument' : conversion from 'double' to 'float', possible loss of data
     1>d:\blokk\blokk\tesseract-3.01\wordrec\language_model.h(472): warning C4244: 'argument' : conversion from 'double' to 'float', possible loss of data
     1>d:\blokk\blokk\tesseract-3.01\wordrec\language_model.h(474): warning C4244: 'argument' : conversion from 'double' to 'float', possible loss of data
     1>d:\blokk\blokk\tesseract-3.01\wordrec\language_model.h(476): warning C4244: 'argument' : conversion from 'double' to 'float', possible loss of data
     1>d:\blokk\blokk\tesseract-3.01\wordrec\language_model.h(478): warning C4244: 'argument' : conversion from 'double' to 'float', possible loss of data
     1>d:\blokk\blokk\tesseract-3.01\api\pageiterator.cpp(332): warning C4244: 'argument' : conversion from 'int' to 'float', possible loss of data
     1>d:\blokk\blokk\tesseract-3.01\api\pageiterator.cpp(334): warning C4244: 'argument' : conversion from 'int' to 'float', possible loss of data
         baseapi.cpp
     1>d:\blokk\blokk\tesseract-3.01\vs2010\include\leptonica\pix.h(169): warning C4305: 'initializing' : truncation from 'double' to 'const l_float32'
     1>d:\blokk\blokk\tesseract-3.01\vs2010\include\leptonica\pix.h(171): warning C4305: 'initializing' : truncation from 'double' to 'const l_float32'
     1>d:\blokk\blokk\tesseract-3.01\ccutil\platform.h(33): warning C4005: 'snprintf' : macro redefinition
                 d:\blokk\blokk\tesseract-3.01\vs2010\include\leptonica\environ.h(277) : see previous definition of 'snprintf'
     1>d:\blokk\blokk\tesseract-3.01\wordrec\language_model.h(428): warning C4800: 'const CHAR_FRAGMENT *' : forcing value to bool 'true' or 'false' (performance warning)
     1>d:\blokk\blokk\tesseract-3.01\wordrec\language_model.h(457): warning C4244: 'return' : conversion from 'double' to 'float', possible loss of data
     1>d:\blokk\blokk\tesseract-3.01\wordrec\language_model.h(469): warning C4244: 'argument' : conversion from 'double' to 'float', possible loss of data
     1>d:\blokk\blokk\tesseract-3.01\wordrec\language_model.h(472): warning C4244: 'argument' : conversion from 'double' to 'float', possible loss of data
     1>d:\blokk\blokk\tesseract-3.01\wordrec\language_model.h(474): warning C4244: 'argument' : conversion from 'double' to 'float', possible loss of data
     1>d:\blokk\blokk\tesseract-3.01\wordrec\language_model.h(476): warning C4244: 'argument' : conversion from 'double' to 'float', possible loss of data
     1>d:\blokk\blokk\tesseract-3.01\wordrec\language_model.h(478): warning C4244: 'argument' : conversion from 'double' to 'float', possible loss of data
     1>d:\blokk\blokk\tesseract-3.01\api\baseapi.cpp(143): warning C4800: 'BOOL8' : forcing value to bool 'true' or 'false' (performance warning)
     1>d:\blokk\blokk\tesseract-3.01\api\baseapi.cpp(911): warning C4244: 'argument' : conversion from 'float' to 'int', possible loss of data
     1>d:\blokk\blokk\tesseract-3.01\api\baseapi.cpp(927): warning C4244: 'argument' : conversion from 'float' to 'int', possible loss of data
     1>d:\blokk\blokk\tesseract-3.01\api\baseapi.cpp(1485): warning C4800: 'int' : forcing value to bool 'true' or 'false' (performance warning)
     1>d:\blokk\blokk\tesseract-3.01\api\baseapi.cpp(1655): warning C4800: 'BOOL8' : forcing value to bool 'true' or 'false' (performance warning)
     1>d:\blokk\blokk\tesseract-3.01\api\baseapi.cpp(1677): warning C4244: '=' : conversion from 'double' to 'float', possible loss of data
     1>d:\blokk\blokk\tesseract-3.01\api\baseapi.cpp(1684): warning C4305: '*=' : truncation from 'double' to 'float'
     1>d:\blokk\blokk\tesseract-3.01\api\baseapi.cpp(1686): warning C4305: 'initializing' : truncation from 'double' to 'const float'
         Generating Code...
       ManifestResourceCompile:
         All outputs are up-to-date.
       Link:
         C:\Program Files (x86)\Microsoft Visual Studio 10.0\VC\bin\link.exe /ERRORREPORT:PROMPT /OUT:"D:\blokk\blokk\tesseract-3.01\vs2010\Debug\tesseract-debug.exe" /VERSION:"3.01" /INCREMENTAL /NOLOGO /LIBPATH:C:\OpenCV2.4\lib /LIBPATH:..\vs2008\lib opencv_core241.lib opencv_highgui241.lib opencv_imgproc241.lib opencv_features2d241.lib opencv_calib3d241.lib ws2_32.lib user32.lib "liblept-static-mtdll-debug.lib" "libpng-static-mtdll-debug.lib" "libjpeg-static-mtdll-debug.lib" "giflib-static-mtdll-debug.lib" kernel32.lib user32.lib gdi32.lib winspool.lib comdlg32.lib advapi32.lib shell32.lib ole32.lib oleaut32.lib uuid.lib odbc32.lib odbccp32.lib /MANIFEST /ManifestFile:"Debug\tesseract\tesseract-debug.exe.intermediate.manifest" /MANIFESTUAC:"level='asInvoker' uiAccess='false'" /DEBUG /PDB:"D:\blokk\blokk\tesseract-3.01\vs2010\Debug\tesseract-debug.pdb" /SUBSYSTEM:CONSOLE /TLBID:1 /DYNAMICBASE:NO /IMPLIB:"D:\blokk\blokk\tesseract-3.01\vs2010\Debug\tesseract-debug.lib" /MACHINE:X86 "Debug\tesseract\tesseract-debug.exe.embed.manifest.res"
         Debug\tesseract\baseapi.obj
         Debug\tesseract\pageiterator.obj
         Debug\tesseract\resultiterator.obj
         Debug\tesseract\main.obj
         "D:\blokk\blokk\tesseract-3.01\vs2010\Debug\ccmain.lib"
         "D:\blokk\blokk\tesseract-3.01\vs2010\Debug\ccstruct.lib"
         "D:\blokk\blokk\tesseract-3.01\vs2010\Debug\ccutil.lib"
         "D:\blokk\blokk\tesseract-3.01\vs2010\Debug\classify.lib"
         "D:\blokk\blokk\tesseract-3.01\vs2010\Debug\cube.lib"
         "D:\blokk\blokk\tesseract-3.01\vs2010\Debug\cutil.lib"
         "D:\blokk\blokk\tesseract-3.01\vs2010\Debug\dict.lib"
         "D:\blokk\blokk\tesseract-3.01\vs2010\Debug\image.lib"
         "D:\blokk\blokk\tesseract-3.01\vs2010\Debug\neural_networks.lib"
         "D:\blokk\blokk\tesseract-3.01\vs2010\Debug\textord.lib"
         "D:\blokk\blokk\tesseract-3.01\vs2010\Debug\viewer.lib"
         "D:\blokk\blokk\tesseract-3.01\vs2010\Debug\wordrec.lib"
         "D:\blokk\blokk\tesseract-3.01\vs2010\Debug\libtesseract-debug.lib"
       Manifest:
         C:\Program Files (x86)\Microsoft SDKs\Windows\v7.0A\bin\mt.exe /nologo /verbose /out:"Debug\tesseract\tesseract-debug.exe.embed.manifest" /manifest "Debug\tesseract\tesseract-debug.exe.intermediate.manifest"
         All outputs are up-to-date.
       LinkEmbedManifest:
         All outputs are up-to-date.
         tesseract.vcxproj -> D:\blokk\blokk\tesseract-3.01\vs2010\Debug\tesseract-debug.exe
       PostBuildEvent:
         post-build.cmd "D:\blokk\blokk\tesseract-3.01\vs2010\Debug\" "D:\blokk\blokk\tesseract-3.01\vs2010\bin.dbg" d
         :VCEnd
         D:\blokk\blokk\tesseract-3.01\vs2010\Debug\tesseract-debug.exe
         1 File(s) copied
         File not found - *.dll
         0 File(s) copied
         D:\blokk\blokk\tesseract-3.01\vs2010\Debug\tesseract-debug.pdb
         1 File(s) copied
         0 File(s) copied
         0 File(s) copied
       FinalizeBuildStatus:
         Deleting file "Debug\tesseract\tesseract.unsuccessfulbuild".
         Touching "Debug\tesseract\tesseract.lastbuildstate".
     1>Done Building Project "D:\blokk\blokk\tesseract-3.01\vs2010\tesseract.vcxproj" (Build target(s)).

Build succeeded.

Time Elapsed 00:00:08.04
