Build started 2012.07.05. 18:05:13.
     1>Project "D:\blokk\blokk\tesseract-3.01\vs2010\unicharset_extractor.vcxproj" on node 9 (build target(s)).
     1>InitializeBuildStatus:
         Creating "Debug\unicharset_extractor\unicharset_extractor.unsuccessfulbuild" because "AlwaysCreate" was specified.
       ClCompile:
         C:\Program Files (x86)\Microsoft Visual Studio 10.0\VC\bin\CL.exe /c /I../ccutil /ZI /nologo /W3 /WX- /Od /Oy- /D _DEBUG /D WIN32 /D _CONSOLE /D __MSW32__ /D _CRT_SECURE_NO_WARNINGS /D _VC80_UPGRADE=0x0600 /D _MBCS /Gm /EHsc /RTC1 /MDd /GS /fp:precise /Zc:wchar_t /Zc:forScope /Fo"Debug\unicharset_extractor\\" /Fd"Debug\unicharset_extractor\vc100.pdb" /Gd /TP /analyze- /errorReport:prompt ..\training\unicharset_extractor.cpp
         unicharset_extractor.cpp
       ManifestResourceCompile:
         C:\Program Files (x86)\Microsoft SDKs\Windows\v7.0A\bin\rc.exe /nologo /fo"Debug\unicharset_extractor\unicharset_extractor-debug.exe.embed.manifest.res" Debug\unicharset_extractor\unicharset_extractor-debug_manifest.rc 
       Link:
         C:\Program Files (x86)\Microsoft Visual Studio 10.0\VC\bin\link.exe /ERRORREPORT:PROMPT /OUT:"D:\blokk\blokk\tesseract-3.01\vs2010\Debug\unicharset_extractor-debug.exe" /INCREMENTAL /NOLOGO /LIBPATH:..\vs2008\lib ws2_32.lib user32.lib "liblept-static-mtdll-debug.lib" "libpng-static-mtdll.lib" "libjpeg-static-mtdll.lib" "libtiff-static-mtdll.lib" "giflib-static-mtdll.lib" kernel32.lib user32.lib gdi32.lib winspool.lib comdlg32.lib advapi32.lib shell32.lib ole32.lib oleaut32.lib uuid.lib odbc32.lib odbccp32.lib /MANIFEST /ManifestFile:"Debug\unicharset_extractor\unicharset_extractor-debug.exe.intermediate.manifest" /MANIFESTUAC:"level='asInvoker' uiAccess='false'" /DEBUG /PDB:"D:\blokk\blokk\tesseract-3.01\vs2010\Debug\unicharset_extractor-debug.pdb" /SUBSYSTEM:CONSOLE /TLBID:1 /DYNAMICBASE:NO /IMPLIB:"D:\blokk\blokk\tesseract-3.01\vs2010\Debug\unicharset_extractor-debug.lib" /MACHINE:X86 "Debug\unicharset_extractor\unicharset_extractor-debug.exe.embed.manifest.res"
         Debug\unicharset_extractor\unicharset_extractor.obj
         "D:\blokk\blokk\tesseract-3.01\vs2010\Debug\ccutil.lib"
         "D:\blokk\blokk\tesseract-3.01\vs2010\Debug\libtesseract_tessopt.lib"
       Manifest:
         C:\Program Files (x86)\Microsoft SDKs\Windows\v7.0A\bin\mt.exe /nologo /verbose /out:"Debug\unicharset_extractor\unicharset_extractor-debug.exe.embed.manifest" /manifest "Debug\unicharset_extractor\unicharset_extractor-debug.exe.intermediate.manifest"
         C:\Program Files (x86)\Microsoft SDKs\Windows\v7.0A\bin\rc.exe /nologo /fo"Debug\unicharset_extractor\unicharset_extractor-debug.exe.embed.manifest.res" Debug\unicharset_extractor\unicharset_extractor-debug_manifest.rc 
       LinkEmbedManifest:
         C:\Program Files (x86)\Microsoft Visual Studio 10.0\VC\bin\link.exe /ERRORREPORT:PROMPT /OUT:"D:\blokk\blokk\tesseract-3.01\vs2010\Debug\unicharset_extractor-debug.exe" /INCREMENTAL /NOLOGO /LIBPATH:..\vs2008\lib ws2_32.lib user32.lib "liblept-static-mtdll-debug.lib" "libpng-static-mtdll.lib" "libjpeg-static-mtdll.lib" "libtiff-static-mtdll.lib" "giflib-static-mtdll.lib" kernel32.lib user32.lib gdi32.lib winspool.lib comdlg32.lib advapi32.lib shell32.lib ole32.lib oleaut32.lib uuid.lib odbc32.lib odbccp32.lib /MANIFEST /ManifestFile:"Debug\unicharset_extractor\unicharset_extractor-debug.exe.intermediate.manifest" /MANIFESTUAC:"level='asInvoker' uiAccess='false'" /DEBUG /PDB:"D:\blokk\blokk\tesseract-3.01\vs2010\Debug\unicharset_extractor-debug.pdb" /SUBSYSTEM:CONSOLE /TLBID:1 /DYNAMICBASE:NO /IMPLIB:"D:\blokk\blokk\tesseract-3.01\vs2010\Debug\unicharset_extractor-debug.lib" /MACHINE:X86 "Debug\unicharset_extractor\unicharset_extractor-debug.exe.embed.manifest.res"
         Debug\unicharset_extractor\unicharset_extractor.obj
         "D:\blokk\blokk\tesseract-3.01\vs2010\Debug\ccutil.lib"
         "D:\blokk\blokk\tesseract-3.01\vs2010\Debug\libtesseract_tessopt.lib"
         unicharset_extractor.vcxproj -> D:\blokk\blokk\tesseract-3.01\vs2010\Debug\unicharset_extractor-debug.exe
       FinalizeBuildStatus:
         Deleting file "Debug\unicharset_extractor\unicharset_extractor.unsuccessfulbuild".
         Touching "Debug\unicharset_extractor\unicharset_extractor.lastbuildstate".
     1>Done Building Project "D:\blokk\blokk\tesseract-3.01\vs2010\unicharset_extractor.vcxproj" (build target(s)).

Build succeeded.

Time Elapsed 00:00:02.25
