Build started 2012.07.05. 18:05:30.
     1>Project "D:\blokk\blokk\tesseract-3.01\vs2010\mftraining.vcxproj" on node 5 (build target(s)).
     1>InitializeBuildStatus:
         Creating "Debug\mftraining\mftraining.unsuccessfulbuild" because "AlwaysCreate" was specified.
       ClCompile:
         C:\Program Files (x86)\Microsoft Visual Studio 10.0\VC\bin\CL.exe /c /I../ccutil /I../ccstruct /I../classify /I../cutil /I../training /I../viewer /I../dict /I../image /I..\vs2008\include /I..\vs2008\include\leptonica /ZI /nologo /W3 /WX- /Od /Oy- /D _DEBUG /D TRAINING /D WIN32 /D _WINDOWS /D __NT__ /D __MSW32__ /D _CRT_SECURE_NO_WARNINGS /D _VC80_UPGRADE=0x0600 /Gm /EHsc /MDd /GS /fp:precise /Zc:wchar_t /Zc:forScope /Fo"Debug\mftraining\\" /Fd"Debug\mftraining\vc100.pdb" /FR"Debug\mftraining\\" /Gd /TP /analyze- /errorReport:prompt ..\training\commontraining.cpp ..\training\mergenf.cpp ..\training\mftraining.cpp
         mftraining.cpp
         mergenf.cpp
     1>d:\blokk\blokk\tesseract-3.01\training\mergenf.cpp(83): warning C4244: '=' : conversion from 'double' to 'FLOAT32', possible loss of data
     1>d:\blokk\blokk\tesseract-3.01\training\mergenf.cpp(86): warning C4244: '=' : conversion from 'double' to 'FLOAT32', possible loss of data
     1>d:\blokk\blokk\tesseract-3.01\training\mergenf.cpp(180): warning C4305: '=' : truncation from 'double' to 'FLOAT32'
     1>d:\blokk\blokk\tesseract-3.01\training\mergenf.cpp(230): warning C4244: '*=' : conversion from 'double' to 'float', possible loss of data
     1>d:\blokk\blokk\tesseract-3.01\training\mergenf.cpp(236): warning C4244: 'return' : conversion from 'double' to 'FLOAT32', possible loss of data
     1>d:\blokk\blokk\tesseract-3.01\training\mergenf.cpp(284): warning C4244: '=' : conversion from 'double' to 'FLOAT32', possible loss of data
     1>d:\blokk\blokk\tesseract-3.01\training\mergenf.cpp(287): warning C4244: '=' : conversion from 'double' to 'FLOAT32', possible loss of data
     1>d:\blokk\blokk\tesseract-3.01\training\mergenf.cpp(295): warning C4244: 'argument' : conversion from 'double' to 'FLOAT32', possible loss of data
     1>d:\blokk\blokk\tesseract-3.01\training\mergenf.cpp(295): warning C4244: 'argument' : conversion from 'double' to 'FLOAT32', possible loss of data
     1>d:\blokk\blokk\tesseract-3.01\training\mergenf.cpp(323): warning C4244: '=' : conversion from 'double' to 'FLOAT32', possible loss of data
     1>d:\blokk\blokk\tesseract-3.01\training\mergenf.cpp(324): warning C4244: '=' : conversion from 'double' to 'FLOAT32', possible loss of data
         commontraining.cpp
     1>d:\blokk\blokk\tesseract-3.01\training\commontraining.cpp(37): warning C4305: 'initializing' : truncation from 'double' to 'FLOAT32'
     1>d:\blokk\blokk\tesseract-3.01\training\commontraining.cpp(320): warning C4018: '<' : signed/unsigned mismatch
     1>d:\blokk\blokk\tesseract-3.01\training\commontraining.cpp(514): warning C4244: '=' : conversion from 'double' to 'FLOAT32', possible loss of data
     1>d:\blokk\blokk\tesseract-3.01\training\commontraining.cpp(581): warning C4018: '>=' : signed/unsigned mismatch
     1>d:\blokk\blokk\tesseract-3.01\training\commontraining.cpp(815): warning C4244: '=' : conversion from 'double' to 'float', possible loss of data
     1>d:\blokk\blokk\tesseract-3.01\training\commontraining.cpp(817): warning C4244: '=' : conversion from 'double' to 'float', possible loss of data
         Generating Code...
       ManifestResourceCompile:
         C:\Program Files (x86)\Microsoft SDKs\Windows\v7.0A\bin\rc.exe /nologo /fo"Debug\mftraining\mftraining-debug.exe.embed.manifest.res" Debug\mftraining\mftraining-debug_manifest.rc 
       Link:
         C:\Program Files (x86)\Microsoft Visual Studio 10.0\VC\bin\link.exe /ERRORREPORT:PROMPT /OUT:"D:\blokk\blokk\tesseract-3.01\vs2010\Debug\mftraining-debug.exe" /INCREMENTAL /NOLOGO /LIBPATH:..\vs2008\lib ws2_32.lib user32.lib "liblept-static-mtdll-debug.lib" "libpng-static-mtdll.lib" "libjpeg-static-mtdll.lib" "libtiff-static-mtdll.lib" "giflib-static-mtdll.lib" "zlib-static-mtdll.lib" kernel32.lib user32.lib gdi32.lib winspool.lib comdlg32.lib advapi32.lib shell32.lib ole32.lib oleaut32.lib uuid.lib odbc32.lib odbccp32.lib /MANIFEST /ManifestFile:"Debug\mftraining\mftraining-debug.exe.intermediate.manifest" /MANIFESTUAC:"level='asInvoker' uiAccess='false'" /DEBUG /PDB:"D:\blokk\blokk\tesseract-3.01\vs2010\Debug\mftraining-debug.pdb" /SUBSYSTEM:CONSOLE /TLBID:1 /DYNAMICBASE:NO /IMPLIB:"D:\blokk\blokk\tesseract-3.01\vs2010\Debug\mftraining-debug.lib" /MACHINE:X86 "Debug\mftraining\mftraining-debug.exe.embed.manifest.res"
         Debug\mftraining\commontraining.obj
         Debug\mftraining\mergenf.obj
         Debug\mftraining\mftraining.obj
         "D:\blokk\blokk\tesseract-3.01\vs2010\Debug\ccmain.lib"
         "D:\blokk\blokk\tesseract-3.01\vs2010\Debug\ccstruct.lib"
         "D:\blokk\blokk\tesseract-3.01\vs2010\Debug\ccutil.lib"
         "D:\blokk\blokk\tesseract-3.01\vs2010\Debug\classify.lib"
         "D:\blokk\blokk\tesseract-3.01\vs2010\Debug\cube.lib"
         "D:\blokk\blokk\tesseract-3.01\vs2010\Debug\cutil.lib"
         "D:\blokk\blokk\tesseract-3.01\vs2010\Debug\dict.lib"
         "D:\blokk\blokk\tesseract-3.01\vs2010\Debug\image.lib"
         "D:\blokk\blokk\tesseract-3.01\vs2010\Debug\libtesseract_tessopt.lib"
         "D:\blokk\blokk\tesseract-3.01\vs2010\Debug\libtesseract_training.lib"
         "D:\blokk\blokk\tesseract-3.01\vs2010\Debug\viewer.lib"
         "D:\blokk\blokk\tesseract-3.01\vs2010\Debug\wordrec.lib"
     1>MSVCRTD.lib(cinitexe.obj) : warning LNK4098: defaultlib 'msvcrt.lib' conflicts with use of other libs; use /NODEFAULTLIB:library
       Manifest:
         C:\Program Files (x86)\Microsoft SDKs\Windows\v7.0A\bin\mt.exe /nologo /verbose /out:"Debug\mftraining\mftraining-debug.exe.embed.manifest" /manifest "Debug\mftraining\mftraining-debug.exe.intermediate.manifest"
         C:\Program Files (x86)\Microsoft SDKs\Windows\v7.0A\bin\rc.exe /nologo /fo"Debug\mftraining\mftraining-debug.exe.embed.manifest.res" Debug\mftraining\mftraining-debug_manifest.rc 
       LinkEmbedManifest:
         C:\Program Files (x86)\Microsoft Visual Studio 10.0\VC\bin\link.exe /ERRORREPORT:PROMPT /OUT:"D:\blokk\blokk\tesseract-3.01\vs2010\Debug\mftraining-debug.exe" /INCREMENTAL /NOLOGO /LIBPATH:..\vs2008\lib ws2_32.lib user32.lib "liblept-static-mtdll-debug.lib" "libpng-static-mtdll.lib" "libjpeg-static-mtdll.lib" "libtiff-static-mtdll.lib" "giflib-static-mtdll.lib" "zlib-static-mtdll.lib" kernel32.lib user32.lib gdi32.lib winspool.lib comdlg32.lib advapi32.lib shell32.lib ole32.lib oleaut32.lib uuid.lib odbc32.lib odbccp32.lib /MANIFEST /ManifestFile:"Debug\mftraining\mftraining-debug.exe.intermediate.manifest" /MANIFESTUAC:"level='asInvoker' uiAccess='false'" /DEBUG /PDB:"D:\blokk\blokk\tesseract-3.01\vs2010\Debug\mftraining-debug.pdb" /SUBSYSTEM:CONSOLE /TLBID:1 /DYNAMICBASE:NO /IMPLIB:"D:\blokk\blokk\tesseract-3.01\vs2010\Debug\mftraining-debug.lib" /MACHINE:X86 "Debug\mftraining\mftraining-debug.exe.embed.manifest.res"
         Debug\mftraining\commontraining.obj
         Debug\mftraining\mergenf.obj
         Debug\mftraining\mftraining.obj
         "D:\blokk\blokk\tesseract-3.01\vs2010\Debug\ccmain.lib"
         "D:\blokk\blokk\tesseract-3.01\vs2010\Debug\ccstruct.lib"
         "D:\blokk\blokk\tesseract-3.01\vs2010\Debug\ccutil.lib"
         "D:\blokk\blokk\tesseract-3.01\vs2010\Debug\classify.lib"
         "D:\blokk\blokk\tesseract-3.01\vs2010\Debug\cube.lib"
         "D:\blokk\blokk\tesseract-3.01\vs2010\Debug\cutil.lib"
         "D:\blokk\blokk\tesseract-3.01\vs2010\Debug\dict.lib"
         "D:\blokk\blokk\tesseract-3.01\vs2010\Debug\image.lib"
         "D:\blokk\blokk\tesseract-3.01\vs2010\Debug\libtesseract_tessopt.lib"
         "D:\blokk\blokk\tesseract-3.01\vs2010\Debug\libtesseract_training.lib"
         "D:\blokk\blokk\tesseract-3.01\vs2010\Debug\viewer.lib"
         "D:\blokk\blokk\tesseract-3.01\vs2010\Debug\wordrec.lib"
     1>MSVCRTD.lib(cinitexe.obj) : warning LNK4098: defaultlib 'msvcrt.lib' conflicts with use of other libs; use /NODEFAULTLIB:library
         mftraining.vcxproj -> D:\blokk\blokk\tesseract-3.01\vs2010\Debug\mftraining-debug.exe
       BscMake:
         C:\Program Files (x86)\Microsoft Visual Studio 10.0\VC\bin\bscmake.exe /nologo /o"D:\blokk\blokk\tesseract-3.01\vs2010\Debug\mftraining-debug.bsc" Debug\mftraining\commontraining.sbr Debug\mftraining\mergenf.sbr Debug\mftraining\mftraining.sbr
       FinalizeBuildStatus:
         Deleting file "Debug\mftraining\mftraining.unsuccessfulbuild".
         Touching "Debug\mftraining\mftraining.lastbuildstate".
     1>Done Building Project "D:\blokk\blokk\tesseract-3.01\vs2010\mftraining.vcxproj" (build target(s)).

Build succeeded.

Time Elapsed 00:00:08.33
