Build started 2012.07.05. 18:05:16.
     1>Project "D:\blokk\blokk\tesseract-3.01\vs2010\wordlist2dawg.vcxproj" on node 2 (build target(s)).
     1>InitializeBuildStatus:
         Creating "Debug\wordlist2dawg\wordlist2dawg.unsuccessfulbuild" because "AlwaysCreate" was specified.
       ClCompile:
         C:\Program Files (x86)\Microsoft Visual Studio 10.0\VC\bin\CL.exe /c /I../ccutil /I../cutil /I../dict /I../viewer /I../ccstruct /I../image /I../classify /I..\vs2008\include /I..\vs2008\include\leptonica /ZI /nologo /W3 /WX- /Od /Oy- /D _DEBUG /D WIN32 /D _CONSOLE /D __MSW32__ /D _CRT_SECURE_NO_WARNINGS /D _VC80_UPGRADE=0x0600 /D _MBCS /Gm /EHsc /RTC1 /MDd /GS /fp:precise /Zc:wchar_t /Zc:forScope /Fo"Debug\wordlist2dawg\\" /Fd"Debug\wordlist2dawg\vc100.pdb" /Gd /TP /analyze- /errorReport:prompt ..\training\wordlist2dawg.cpp
         wordlist2dawg.cpp
       ManifestResourceCompile:
         C:\Program Files (x86)\Microsoft SDKs\Windows\v7.0A\bin\rc.exe /nologo /fo"Debug\wordlist2dawg\wordlist2dawg-debug.exe.embed.manifest.res" Debug\wordlist2dawg\wordlist2dawg-debug_manifest.rc 
       Link:
         C:\Program Files (x86)\Microsoft Visual Studio 10.0\VC\bin\link.exe /ERRORREPORT:PROMPT /OUT:"D:\blokk\blokk\tesseract-3.01\vs2010\Debug\wordlist2dawg-debug.exe" /INCREMENTAL /NOLOGO /LIBPATH:..\vs2008\lib ws2_32.lib user32.lib "liblept-static-mtdll-debug.lib" "libpng-static-mtdll.lib" "libjpeg-static-mtdll.lib" "libtiff-static-mtdll.lib" "giflib-static-mtdll.lib" "zlib-static-mtdll.lib" kernel32.lib user32.lib gdi32.lib winspool.lib comdlg32.lib advapi32.lib shell32.lib ole32.lib oleaut32.lib uuid.lib odbc32.lib odbccp32.lib /MANIFEST /ManifestFile:"Debug\wordlist2dawg\wordlist2dawg-debug.exe.intermediate.manifest" /MANIFESTUAC:"level='asInvoker' uiAccess='false'" /DEBUG /PDB:"D:\blokk\blokk\tesseract-3.01\vs2010\Debug\wordlist2dawg-debug.pdb" /SUBSYSTEM:CONSOLE /TLBID:1 /DYNAMICBASE:NO /IMPLIB:"D:\blokk\blokk\tesseract-3.01\vs2010\Debug\wordlist2dawg-debug.lib" /MACHINE:X86 "Debug\wordlist2dawg\wordlist2dawg-debug.exe.embed.manifest.res"
         Debug\wordlist2dawg\wordlist2dawg.obj
         "D:\blokk\blokk\tesseract-3.01\vs2010\Debug\ccstruct.lib"
         "D:\blokk\blokk\tesseract-3.01\vs2010\Debug\ccutil.lib"
         "D:\blokk\blokk\tesseract-3.01\vs2010\Debug\classify.lib"
         "D:\blokk\blokk\tesseract-3.01\vs2010\Debug\cutil.lib"
         "D:\blokk\blokk\tesseract-3.01\vs2010\Debug\dict.lib"
         "D:\blokk\blokk\tesseract-3.01\vs2010\Debug\image.lib"
         "D:\blokk\blokk\tesseract-3.01\vs2010\Debug\viewer.lib"
     1>MSVCRTD.lib(cinitexe.obj) : warning LNK4098: defaultlib 'msvcrt.lib' conflicts with use of other libs; use /NODEFAULTLIB:library
       Manifest:
         C:\Program Files (x86)\Microsoft SDKs\Windows\v7.0A\bin\mt.exe /nologo /verbose /out:"Debug\wordlist2dawg\wordlist2dawg-debug.exe.embed.manifest" /manifest "Debug\wordlist2dawg\wordlist2dawg-debug.exe.intermediate.manifest"
         C:\Program Files (x86)\Microsoft SDKs\Windows\v7.0A\bin\rc.exe /nologo /fo"Debug\wordlist2dawg\wordlist2dawg-debug.exe.embed.manifest.res" Debug\wordlist2dawg\wordlist2dawg-debug_manifest.rc 
       LinkEmbedManifest:
         C:\Program Files (x86)\Microsoft Visual Studio 10.0\VC\bin\link.exe /ERRORREPORT:PROMPT /OUT:"D:\blokk\blokk\tesseract-3.01\vs2010\Debug\wordlist2dawg-debug.exe" /INCREMENTAL /NOLOGO /LIBPATH:..\vs2008\lib ws2_32.lib user32.lib "liblept-static-mtdll-debug.lib" "libpng-static-mtdll.lib" "libjpeg-static-mtdll.lib" "libtiff-static-mtdll.lib" "giflib-static-mtdll.lib" "zlib-static-mtdll.lib" kernel32.lib user32.lib gdi32.lib winspool.lib comdlg32.lib advapi32.lib shell32.lib ole32.lib oleaut32.lib uuid.lib odbc32.lib odbccp32.lib /MANIFEST /ManifestFile:"Debug\wordlist2dawg\wordlist2dawg-debug.exe.intermediate.manifest" /MANIFESTUAC:"level='asInvoker' uiAccess='false'" /DEBUG /PDB:"D:\blokk\blokk\tesseract-3.01\vs2010\Debug\wordlist2dawg-debug.pdb" /SUBSYSTEM:CONSOLE /TLBID:1 /DYNAMICBASE:NO /IMPLIB:"D:\blokk\blokk\tesseract-3.01\vs2010\Debug\wordlist2dawg-debug.lib" /MACHINE:X86 "Debug\wordlist2dawg\wordlist2dawg-debug.exe.embed.manifest.res"
         Debug\wordlist2dawg\wordlist2dawg.obj
         "D:\blokk\blokk\tesseract-3.01\vs2010\Debug\ccstruct.lib"
         "D:\blokk\blokk\tesseract-3.01\vs2010\Debug\ccutil.lib"
         "D:\blokk\blokk\tesseract-3.01\vs2010\Debug\classify.lib"
         "D:\blokk\blokk\tesseract-3.01\vs2010\Debug\cutil.lib"
         "D:\blokk\blokk\tesseract-3.01\vs2010\Debug\dict.lib"
         "D:\blokk\blokk\tesseract-3.01\vs2010\Debug\image.lib"
         "D:\blokk\blokk\tesseract-3.01\vs2010\Debug\viewer.lib"
     1>MSVCRTD.lib(cinitexe.obj) : warning LNK4098: defaultlib 'msvcrt.lib' conflicts with use of other libs; use /NODEFAULTLIB:library
         wordlist2dawg.vcxproj -> D:\blokk\blokk\tesseract-3.01\vs2010\Debug\wordlist2dawg-debug.exe
       FinalizeBuildStatus:
         Deleting file "Debug\wordlist2dawg\wordlist2dawg.unsuccessfulbuild".
         Touching "Debug\wordlist2dawg\wordlist2dawg.lastbuildstate".
     1>Done Building Project "D:\blokk\blokk\tesseract-3.01\vs2010\wordlist2dawg.vcxproj" (build target(s)).

Build succeeded.

Time Elapsed 00:00:07.69
